... allocating 1 unsigned chars to pointer p, min=-16, max=60

p[-16]=  0	p[-15]=  0	p[-14]=  0	p[-13]=  0
p[-12]=  0	p[-11]=  0	p[-10]=  0	p[ -9]=  0
p[ -8]= 33	p[ -7]=  0	p[ -6]=  0	p[ -5]=  0
p[ -4]=  0	p[ -3]=  0	p[ -2]=  0	p[ -1]=  0
p[  0]=112	p[  1]=  0	p[  2]=  0	p[  3]=  0
p[  4]=  0	p[  5]=  0	p[  6]=  0	p[  7]=  0
p[  8]=  0	p[  9]=  0	p[ 10]=  0	p[ 11]=  0
p[ 12]=  0	p[ 13]=  0	p[ 14]=  0	p[ 15]=  0
p[ 16]=  0	p[ 17]=  0	p[ 18]=  0	p[ 19]=  0
p[ 20]=  0	p[ 21]=  0	p[ 22]=  0	p[ 23]=  0
p[ 24]= 65	p[ 25]=253	p[ 26]=  1	p[ 27]=  0
p[ 28]=  0	p[ 29]=  0	p[ 30]=  0	p[ 31]=  0
p[ 32]=  0	p[ 33]=  0	p[ 34]=  0	p[ 35]=  0
p[ 36]=  0	p[ 37]=  0	p[ 38]=  0	p[ 39]=  0
p[ 40]=  0	p[ 41]=  0	p[ 42]=  0	p[ 43]=  0
p[ 44]=  0	p[ 45]=  0	p[ 46]=  0	p[ 47]=  0
p[ 48]=  0	p[ 49]=  0	p[ 50]=  0	p[ 51]=  0
p[ 52]=  0	p[ 53]=  0	p[ 54]=  0	p[ 55]=  0
p[ 56]=  0	p[ 57]=  0	p[ 58]=  0	p[ 59]=  0
p[ 60]=  0	

... allocating 1 more unsigned chars to a different pointer q

q[-48]=  0	q[-47]=  0	q[-46]=  0	q[-45]=  0
q[-44]=  0	q[-43]=  0	q[-42]=  0	q[-41]=  0
q[-40]= 33	q[-39]=  0	q[-38]=  0	q[-37]=  0
q[-36]=  0	q[-35]=  0	q[-34]=  0	q[-33]=  0
q[-32]=112	q[-31]=  0	q[-30]=  0	q[-29]=  0
q[-28]=  0	q[-27]=  0	q[-26]=  0	q[-25]=  0
q[-24]=  0	q[-23]=  0	q[-22]=  0	q[-21]=  0
q[-20]=  0	q[-19]=  0	q[-18]=  0	q[-17]=  0
q[-16]=  0	q[-15]=  0	q[-14]=  0	q[-13]=  0
q[-12]=  0	q[-11]=  0	q[-10]=  0	q[ -9]=  0
q[ -8]= 33	q[ -7]=  0	q[ -6]=  0	q[ -5]=  0
q[ -4]=  0	q[ -3]=  0	q[ -2]=  0	q[ -1]=  0
q[  0]=113	q[  1]=  0	q[  2]=  0	q[  3]=  0
q[  4]=  0	q[  5]=  0	q[  6]=  0	q[  7]=  0
q[  8]=  0	q[  9]=  0	q[ 10]=  0	q[ 11]=  0
q[ 12]=  0	q[ 13]=  0	q[ 14]=  0	q[ 15]=  0
q[ 16]=  0	q[ 17]=  0	q[ 18]=  0	q[ 19]=  0
q[ 20]=  0	q[ 21]=  0	q[ 22]=  0	q[ 23]=  0
q[ 24]= 33	q[ 25]=253	q[ 26]=  1	q[ 27]=  0
q[ 28]=  0	q[ 29]=  0	q[ 30]=  0	q[ 31]=  0
q[ 32]=  0	q[ 33]=  0	q[ 34]=  0	q[ 35]=  0
q[ 36]=  0	q[ 37]=  0	q[ 38]=  0	q[ 39]=  0
q[ 40]=  0	q[ 41]=  0	q[ 42]=  0	q[ 43]=  0
q[ 44]=  0	q[ 45]=  0	q[ 46]=  0	q[ 47]=  0
q[ 48]=  0	q[ 49]=  0	q[ 50]=  0	q[ 51]=  0
q[ 52]=  0	q[ 53]=  0	q[ 54]=  0	q[ 55]=  0
q[ 56]=  0	q[ 57]=  0	q[ 58]=  0	q[ 59]=  0
q[ 60]=  0	
p[-16]=  0	p[-15]=  0	p[-14]=  0	p[-13]=  0
p[-12]=  0	p[-11]=  0	p[-10]=  0	p[ -9]=  0
p[ -8]= 33	p[ -7]=  0	p[ -6]=  0	p[ -5]=  0
p[ -4]=  0	p[ -3]=  0	p[ -2]=  0	p[ -1]=  0
p[  0]=112	p[  1]=  0	p[  2]=  0	p[  3]=  0
p[  4]=  0	p[  5]=  0	p[  6]=  0	p[  7]=  0
p[  8]=  0	p[  9]=  0	p[ 10]=  0	p[ 11]=  0
p[ 12]=  0	p[ 13]=  0	p[ 14]=  0	p[ 15]=  0
p[ 16]=  0	p[ 17]=  0	p[ 18]=  0	p[ 19]=  0
p[ 20]=  0	p[ 21]=  0	p[ 22]=  0	p[ 23]=  0
p[ 24]= 33	p[ 25]=  0	p[ 26]=  0	p[ 27]=  0
p[ 28]=  0	p[ 29]=  0	p[ 30]=  0	p[ 31]=  0
p[ 32]=113	p[ 33]=  0	p[ 34]=  0	p[ 35]=  0
p[ 36]=  0	p[ 37]=  0	p[ 38]=  0	p[ 39]=  0
p[ 40]=  0	p[ 41]=  0	p[ 42]=  0	p[ 43]=  0
p[ 44]=  0	p[ 45]=  0	p[ 46]=  0	p[ 47]=  0
p[ 48]=  0	p[ 49]=  0	p[ 50]=  0	p[ 51]=  0
p[ 52]=  0	p[ 53]=  0	p[ 54]=  0	p[ 55]=  0
p[ 56]= 33	p[ 57]=253	p[ 58]=  1	p[ 59]=  0
p[ 60]=  0	

... reallocating 5 unsigned chars to p

p[-16]=  0	p[-15]=  0	p[-14]=  0	p[-13]=  0
p[-12]=  0	p[-11]=  0	p[-10]=  0	p[ -9]=  0
p[ -8]= 33	p[ -7]=  0	p[ -6]=  0	p[ -5]=  0
p[ -4]=  0	p[ -3]=  0	p[ -2]=  0	p[ -1]=  0
p[  0]=115	p[  1]=116	p[  2]= 97	p[  3]=114
p[  4]=116	p[  5]=112	p[  6]=  0	p[  7]=  0
p[  8]=  0	p[  9]=  0	p[ 10]=  0	p[ 11]=  0
p[ 12]=  0	p[ 13]=  0	p[ 14]=  0	p[ 15]=  0
p[ 16]=  0	p[ 17]=  0	p[ 18]=  0	p[ 19]=  0
p[ 20]=  0	p[ 21]=  0	p[ 22]=  0	p[ 23]=  0
p[ 24]= 33	p[ 25]=  0	p[ 26]=  0	p[ 27]=  0
p[ 28]=  0	p[ 29]=  0	p[ 30]=  0	p[ 31]=  0
p[ 32]=113	p[ 33]=  0	p[ 34]=  0	p[ 35]=  0
p[ 36]=  0	p[ 37]=  0	p[ 38]=  0	p[ 39]=  0
p[ 40]=  0	p[ 41]=  0	p[ 42]=  0	p[ 43]=  0
p[ 44]=  0	p[ 45]=  0	p[ 46]=  0	p[ 47]=  0
p[ 48]=  0	p[ 49]=  0	p[ 50]=  0	p[ 51]=  0
p[ 52]=  0	p[ 53]=  0	p[ 54]=  0	p[ 55]=  0
p[ 56]= 33	p[ 57]=253	p[ 58]=  1	p[ 59]=  0
p[ 60]=  0	
oldp[-16]=  0	oldp[-15]=  0	oldp[-14]=  0	oldp[-13]=  0
oldp[-12]=  0	oldp[-11]=  0	oldp[-10]=  0	oldp[ -9]=  0
oldp[ -8]= 33	oldp[ -7]=  0	oldp[ -6]=  0	oldp[ -5]=  0
oldp[ -4]=  0	oldp[ -3]=  0	oldp[ -2]=  0	oldp[ -1]=  0
oldp[  0]=115	oldp[  1]=116	oldp[  2]= 97	oldp[  3]=114
oldp[  4]=116	oldp[  5]=112	oldp[  6]=  0	oldp[  7]=  0
oldp[  8]=  0	oldp[  9]=  0	oldp[ 10]=  0	oldp[ 11]=  0
oldp[ 12]=  0	oldp[ 13]=  0	oldp[ 14]=  0	oldp[ 15]=  0
oldp[ 16]=  0	oldp[ 17]=  0	oldp[ 18]=  0	oldp[ 19]=  0
oldp[ 20]=  0	oldp[ 21]=  0	oldp[ 22]=  0	oldp[ 23]=  0
oldp[ 24]= 33	oldp[ 25]=  0	oldp[ 26]=  0	oldp[ 27]=  0
oldp[ 28]=  0	oldp[ 29]=  0	oldp[ 30]=  0	oldp[ 31]=  0
oldp[ 32]=113	oldp[ 33]=  0	oldp[ 34]=  0	oldp[ 35]=  0
oldp[ 36]=  0	oldp[ 37]=  0	oldp[ 38]=  0	oldp[ 39]=  0
oldp[ 40]=  0	oldp[ 41]=  0	oldp[ 42]=  0	oldp[ 43]=  0
oldp[ 44]=  0	oldp[ 45]=  0	oldp[ 46]=  0	oldp[ 47]=  0
oldp[ 48]=  0	oldp[ 49]=  0	oldp[ 50]=  0	oldp[ 51]=  0
oldp[ 52]=  0	oldp[ 53]=  0	oldp[ 54]=  0	oldp[ 55]=  0
oldp[ 56]= 33	oldp[ 57]=253	oldp[ 58]=  1	oldp[ 59]=  0
oldp[ 60]=  0	

... reallocating 40 unsigned chars to p

p[-16]=  0	p[-15]=  0	p[-14]=  0	p[-13]=  0
p[-12]=  0	p[-11]=  0	p[-10]=  0	p[ -9]=  0
p[ -8]= 49	p[ -7]=  0	p[ -6]=  0	p[ -5]=  0
p[ -4]=  0	p[ -3]=  0	p[ -2]=  0	p[ -1]=  0
p[  0]=109	p[  1]=111	p[  2]=100	p[  3]=105
p[  4]=102	p[  5]=105	p[  6]=101	p[  7]=100
p[  8]=112	p[  9]=  0	p[ 10]=  0	p[ 11]=  0
p[ 12]=  0	p[ 13]=  0	p[ 14]=  0	p[ 15]=  0
p[ 16]=  0	p[ 17]=  0	p[ 18]=  0	p[ 19]=  0
p[ 20]=  0	p[ 21]=  0	p[ 22]=  0	p[ 23]=  0
p[ 24]=  0	p[ 25]=  0	p[ 26]=  0	p[ 27]=  0
p[ 28]=  0	p[ 29]=  0	p[ 30]=  0	p[ 31]=  0
p[ 32]=  0	p[ 33]=  0	p[ 34]=  0	p[ 35]=  0
p[ 36]=  0	p[ 37]=  0	p[ 38]=  0	p[ 39]=  0
p[ 40]=241	p[ 41]=252	p[ 42]=  1	p[ 43]=  0
p[ 44]=  0	p[ 45]=  0	p[ 46]=  0	p[ 47]=  0
p[ 48]=  0	p[ 49]=  0	p[ 50]=  0	p[ 51]=  0
p[ 52]=  0	p[ 53]=  0	p[ 54]=  0	p[ 55]=  0
p[ 56]=  0	p[ 57]=  0	p[ 58]=  0	p[ 59]=  0
p[ 60]=  0	
oldp[-16]=  0	oldp[-15]=  0	oldp[-14]=  0	oldp[-13]=  0
oldp[-12]=  0	oldp[-11]=  0	oldp[-10]=  0	oldp[ -9]=  0
oldp[ -8]= 33	oldp[ -7]=  0	oldp[ -6]=  0	oldp[ -5]=  0
oldp[ -4]=  0	oldp[ -3]=  0	oldp[ -2]=  0	oldp[ -1]=  0
oldp[  0]=  0	oldp[  1]=  0	oldp[  2]=  0	oldp[  3]=  0
oldp[  4]=  0	oldp[  5]=  0	oldp[  6]=  0	oldp[  7]=  0
oldp[  8]= 16	oldp[  9]=240	oldp[ 10]=  0	oldp[ 11]= 22
oldp[ 12]=176	oldp[ 13]= 85	oldp[ 14]=  0	oldp[ 15]=  0
oldp[ 16]=  0	oldp[ 17]=  0	oldp[ 18]=  0	oldp[ 19]=  0
oldp[ 20]=  0	oldp[ 21]=  0	oldp[ 22]=  0	oldp[ 23]=  0
oldp[ 24]= 33	oldp[ 25]=  0	oldp[ 26]=  0	oldp[ 27]=  0
oldp[ 28]=  0	oldp[ 29]=  0	oldp[ 30]=  0	oldp[ 31]=  0
oldp[ 32]=113	oldp[ 33]=  0	oldp[ 34]=  0	oldp[ 35]=  0
oldp[ 36]=  0	oldp[ 37]=  0	oldp[ 38]=  0	oldp[ 39]=  0
oldp[ 40]=  0	oldp[ 41]=  0	oldp[ 42]=  0	oldp[ 43]=  0
oldp[ 44]=  0	oldp[ 45]=  0	oldp[ 46]=  0	oldp[ 47]=  0
oldp[ 48]=  0	oldp[ 49]=  0	oldp[ 50]=  0	oldp[ 51]=  0
oldp[ 52]=  0	oldp[ 53]=  0	oldp[ 54]=  0	oldp[ 55]=  0
oldp[ 56]= 49	oldp[ 57]=  0	oldp[ 58]=  0	oldp[ 59]=  0
oldp[ 60]=  0	

... reallocating 5 unsigned chars to p (again)

p[-16]=  0	p[-15]=  0	p[-14]=  0	p[-13]=  0
p[-12]=  0	p[-11]=  0	p[-10]=  0	p[ -9]=  0
p[ -8]= 49	p[ -7]=  0	p[ -6]=  0	p[ -5]=  0
p[ -4]=  0	p[ -3]=  0	p[ -2]=  0	p[ -1]=  0
p[  0]=109	p[  1]=111	p[  2]=100	p[  3]=105
p[  4]=102	p[  5]=105	p[  6]=101	p[  7]=100
p[  8]=112	p[  9]=  0	p[ 10]=  0	p[ 11]=  0
p[ 12]=  0	p[ 13]=  0	p[ 14]=  0	p[ 15]=  0
p[ 16]=  0	p[ 17]=  0	p[ 18]=  0	p[ 19]=  0
p[ 20]=  0	p[ 21]=  0	p[ 22]=  0	p[ 23]=  0
p[ 24]=  0	p[ 25]=  0	p[ 26]=  0	p[ 27]=  0
p[ 28]=  0	p[ 29]=  0	p[ 30]=  0	p[ 31]=  0
p[ 32]=  0	p[ 33]=  0	p[ 34]=  0	p[ 35]=  0
p[ 36]=  0	p[ 37]=  0	p[ 38]=  0	p[ 39]=  0
p[ 40]=241	p[ 41]=252	p[ 42]=  1	p[ 43]=  0
p[ 44]=  0	p[ 45]=  0	p[ 46]=  0	p[ 47]=  0
p[ 48]=  0	p[ 49]=  0	p[ 50]=  0	p[ 51]=  0
p[ 52]=  0	p[ 53]=  0	p[ 54]=  0	p[ 55]=  0
p[ 56]=  0	p[ 57]=  0	p[ 58]=  0	p[ 59]=  0
p[ 60]=  0	
oldp[-16]=  0	oldp[-15]=  0	oldp[-14]=  0	oldp[-13]=  0
oldp[-12]=  0	oldp[-11]=  0	oldp[-10]=  0	oldp[ -9]=  0
oldp[ -8]= 33	oldp[ -7]=  0	oldp[ -6]=  0	oldp[ -5]=  0
oldp[ -4]=  0	oldp[ -3]=  0	oldp[ -2]=  0	oldp[ -1]=  0
oldp[  0]=  0	oldp[  1]=  0	oldp[  2]=  0	oldp[  3]=  0
oldp[  4]=  0	oldp[  5]=  0	oldp[  6]=  0	oldp[  7]=  0
oldp[  8]= 16	oldp[  9]=240	oldp[ 10]=  0	oldp[ 11]= 22
oldp[ 12]=176	oldp[ 13]= 85	oldp[ 14]=  0	oldp[ 15]=  0
oldp[ 16]=  0	oldp[ 17]=  0	oldp[ 18]=  0	oldp[ 19]=  0
oldp[ 20]=  0	oldp[ 21]=  0	oldp[ 22]=  0	oldp[ 23]=  0
oldp[ 24]= 33	oldp[ 25]=  0	oldp[ 26]=  0	oldp[ 27]=  0
oldp[ 28]=  0	oldp[ 29]=  0	oldp[ 30]=  0	oldp[ 31]=  0
oldp[ 32]=113	oldp[ 33]=  0	oldp[ 34]=  0	oldp[ 35]=  0
oldp[ 36]=  0	oldp[ 37]=  0	oldp[ 38]=  0	oldp[ 39]=  0
oldp[ 40]=  0	oldp[ 41]=  0	oldp[ 42]=  0	oldp[ 43]=  0
oldp[ 44]=  0	oldp[ 45]=  0	oldp[ 46]=  0	oldp[ 47]=  0
oldp[ 48]=  0	oldp[ 49]=  0	oldp[ 50]=  0	oldp[ 51]=  0
oldp[ 52]=  0	oldp[ 53]=  0	oldp[ 54]=  0	oldp[ 55]=  0
oldp[ 56]= 49	oldp[ 57]=  0	oldp[ 58]=  0	oldp[ 59]=  0
oldp[ 60]=  0	

... freeing p

p[-16]=  0	p[-15]=  0	p[-14]=  0	p[-13]=  0
p[-12]=  0	p[-11]=  0	p[-10]=  0	p[ -9]=  0
p[ -8]= 49	p[ -7]=  0	p[ -6]=  0	p[ -5]=  0
p[ -4]=  0	p[ -3]=  0	p[ -2]=  0	p[ -1]=  0
p[  0]=  0	p[  1]=  0	p[  2]=  0	p[  3]=  0
p[  4]=  0	p[  5]=  0	p[  6]=  0	p[  7]=  0
p[  8]= 16	p[  9]=240	p[ 10]=  0	p[ 11]= 22
p[ 12]=176	p[ 13]= 85	p[ 14]=  0	p[ 15]=  0
p[ 16]=  0	p[ 17]=  0	p[ 18]=  0	p[ 19]=  0
p[ 20]=  0	p[ 21]=  0	p[ 22]=  0	p[ 23]=  0
p[ 24]=  0	p[ 25]=  0	p[ 26]=  0	p[ 27]=  0
p[ 28]=  0	p[ 29]=  0	p[ 30]=  0	p[ 31]=  0
p[ 32]=  0	p[ 33]=  0	p[ 34]=  0	p[ 35]=  0
p[ 36]=  0	p[ 37]=  0	p[ 38]=  0	p[ 39]=  0
p[ 40]=241	p[ 41]=252	p[ 42]=  1	p[ 43]=  0
p[ 44]=  0	p[ 45]=  0	p[ 46]=  0	p[ 47]=  0
p[ 48]=  0	p[ 49]=  0	p[ 50]=  0	p[ 51]=  0
p[ 52]=  0	p[ 53]=  0	p[ 54]=  0	p[ 55]=  0
p[ 56]=  0	p[ 57]=  0	p[ 58]=  0	p[ 59]=  0
p[ 60]=  0	

... freeing q

q[-48]=  0	q[-47]=  0	q[-46]=  0	q[-45]=  0
q[-44]=  0	q[-43]=  0	q[-42]=  0	q[-41]=  0
q[-40]= 33	q[-39]=  0	q[-38]=  0	q[-37]=  0
q[-36]=  0	q[-35]=  0	q[-34]=  0	q[-33]=  0
q[-32]=  0	q[-31]=  0	q[-30]=  0	q[-29]=  0
q[-28]=  0	q[-27]=  0	q[-26]=  0	q[-25]=  0
q[-24]= 16	q[-23]=240	q[-22]=  0	q[-21]= 22
q[-20]=176	q[-19]= 85	q[-18]=  0	q[-17]=  0
q[-16]=  0	q[-15]=  0	q[-14]=  0	q[-13]=  0
q[-12]=  0	q[-11]=  0	q[-10]=  0	q[ -9]=  0
q[ -8]= 33	q[ -7]=  0	q[ -6]=  0	q[ -5]=  0
q[ -4]=  0	q[ -3]=  0	q[ -2]=  0	q[ -1]=  0
q[  0]=176	q[  1]=  2	q[  2]=  1	q[  3]= 22
q[  4]=176	q[  5]= 85	q[  6]=  0	q[  7]=  0
q[  8]= 16	q[  9]=240	q[ 10]=  0	q[ 11]= 22
q[ 12]=176	q[ 13]= 85	q[ 14]=  0	q[ 15]=  0
q[ 16]=  0	q[ 17]=  0	q[ 18]=  0	q[ 19]=  0
q[ 20]=  0	q[ 21]=  0	q[ 22]=  0	q[ 23]=  0
q[ 24]= 49	q[ 25]=  0	q[ 26]=  0	q[ 27]=  0
q[ 28]=  0	q[ 29]=  0	q[ 30]=  0	q[ 31]=  0
q[ 32]=  0	q[ 33]=  0	q[ 34]=  0	q[ 35]=  0
q[ 36]=  0	q[ 37]=  0	q[ 38]=  0	q[ 39]=  0
q[ 40]= 16	q[ 41]=240	q[ 42]=  0	q[ 43]= 22
q[ 44]=176	q[ 45]= 85	q[ 46]=  0	q[ 47]=  0
q[ 48]=  0	q[ 49]=  0	q[ 50]=  0	q[ 51]=  0
q[ 52]=  0	q[ 53]=  0	q[ 54]=  0	q[ 55]=  0
q[ 56]=  0	q[ 57]=  0	q[ 58]=  0	q[ 59]=  0
q[ 60]=  0	
